<?xml version="1.0" encoding="UTF-8"?>
<testng-results skipped="0" failed="0" ignored="0" total="1" passed="1">
  <reporter-output>
  </reporter-output>
  <suite name="Default suite" duration-ms="101" started-at="2022-12-11T15:16:56 IST" finished-at="2022-12-11T15:16:56 IST">
    <groups>
    </groups>
    <test name="Default test" duration-ms="101" started-at="2022-12-11T15:16:56 IST" finished-at="2022-12-11T15:16:56 IST">
      <class name="dcjobs1.Class1">
        <test-method status="PASS" signature="t1()[pri:0, instance:dcjobs1.Class1@5e853265]" name="t1" duration-ms="18" started-at="2022-12-11T15:16:56 IST" finished-at="2022-12-11T15:16:56 IST">
          <reporter-output>
          </reporter-output>
        </test-method> <!-- t1 -->
      </class> <!-- dcjobs1.Class1 -->
    </test> <!-- Default test -->
  </suite> <!-- Default suite -->
</testng-results>
